#
# A fatal error has been detected by the Java Runtime Environment:
#
#  SIGSEGV (0xb) at pc=0x00007fff9663b409, pid=17242, tid=3591
#
# JRE version: Java(TM) SE Runtime Environment (8.0_51-b16) (build 1.8.0_51-b16)
# Java VM: Java HotSpot(TM) 64-Bit Server VM (25.51-b03 mixed mode bsd-amd64 compressed oops)
# Problematic frame:
# C  [libsystem_platform.dylib+0x1409]  _platform_memmove$VARIANT$Nehalem+0xc9
#
# Failed to write core dump. Core dumps have been disabled. To enable core dumping, try "ulimit -c unlimited" before starting Java again
#
# If you would like to submit a bug report, please visit:
#   http://bugreport.java.com/bugreport/crash.jsp
# The crash happened outside the Java Virtual Machine in native code.
# See problematic frame for where to report the bug.
#

---------------  T H R E A D  ---------------

Current thread (0x00007f925b005800):  JavaThread "main" [_thread_in_native, id=3591, stack(0x000000010bc6f000,0x000000010bd6f000)]

siginfo: si_signo: 11 (SIGSEGV), si_code: 1 (SEGV_MAPERR), si_addr: 0x0000000122f8a000

Registers:
RAX=0x00007f925b88e402, RBX=0x0000000122f8909d, RCX=0x000000000000000e, RDX=0x0000000000000565
RSP=0x000000010bd6c270, RBP=0x000000010bd6c270, RSI=0x0000000122f89fd9, RDI=0x00007f925b88f310
R8 =0x00007f925b815000, R9 =0x0000000000000002, R10=0x000000006746d642, R11=0x00007f9138905337
R12=0x0000000000000000, R13=0x0000000063616672, R14=0x0000000000000000, R15=0x00000000000014b3
RIP=0x00007fff9663b409, EFLAGS=0x0000000000010202, ERR=0x0000000000000004
  TRAPNO=0x000000000000000e

Top of Stack: (sp=0x000000010bd6c270)
0x000000010bd6c270:   000000010bd6c2e0 000000010bdc1086
0x000000010bd6c280:   000000b35ac2b0c0 0000000000000014
0x000000010bd6c290:   0000000000000000 00007f925ad35d70
0x000000010bd6c2a0:   0000000000000000 00007f925ac2b6f0
0x000000010bd6c2b0:   00007f925ad3f690 00007f925ac2b6f0
0x000000010bd6c2c0:   00007f925ac2b8b0 0000000000000070
0x000000010bd6c2d0:   0000000021faf7dd 00007f925ad3d740
0x000000010bd6c2e0:   000000010bd6c340 000000010bdc1554
0x000000010bd6c2f0:   000000010bd6c377 000000010bd6c376
0x000000010bd6c300:   0000001700000000 0000001801005800
0x000000010bd6c310:   000000010bd6c35e 000000010bd6c830
0x000000010bd6c320:   0000000000000018 000000010bd6c35e
0x000000010bd6c330:   00007f925ac2b6f0 00007f925b0059f8
0x000000010bd6c340:   000000010bd6c790 000000010bdc034f
0x000000010bd6c350:   000000010bd6c440 6f62000100000001
0x000000010bd6c360:   667265746e695f74 6b636f522f656361
0x000000010bd6c370:   00007373616c632e 00007f925b005800
0x000000010bd6c380:   000000010bd6c3c0 000000010c69f1b1
0x000000010bd6c390:   0000000300000000 3ff0000000000000
0x000000010bd6c3a0:   000000011f3d87d0 00007f925b005800
0x000000010bd6c3b0:   00007f925ad12700 000000010c69f11c
0x000000010bd6c3c0:   000000010bd6c410 000000010c69ed47
0x000000010bd6c3d0:   000000011f3d87d0 00007f925b005800
0x000000010bd6c3e0:   000000011f3d87d0 0000000000000000
0x000000010bd6c3f0:   000000011f3d87d0 0000000000000005
0x000000010bd6c400:   000000011f3d87d0 000000011f3d87d0
0x000000010bd6c410:   000000010bd6c440 0000000000000003
0x000000010bd6c420:   0000000000000100 0000000000000005
0x000000010bd6c430:   000000011f3d87d0 00007f925ad12700
0x000000010bd6c440:   000000010bd6c4d0 000000010c6a012c
0x000000010bd6c450:   00007f925b005800 000000010bd6c538
0x000000010bd6c460:   000000001fab5740 000000001f446eb8 

Instructions: (pc=0x00007fff9663b409)
0x00007fff9663b3e9:   0f 00 00 00 74 31 0f 29 0f 0f 29 57 10 0f 29 5f
0x00007fff9663b3f9:   20 0f 29 67 30 48 83 c7 40 0f 10 0e 0f 10 56 10
0x00007fff9663b409:   0f 10 5e 20 0f 10 66 30 48 83 c6 40 48 83 ea 40
0x00007fff9663b419:   77 d4 eb 33 0f 1f 00 0f 29 0f 0f 29 57 10 0f 29 

Register to memory mapping:

RAX=0x00007f925b88e402 is an unknown value
RBX=0x0000000122f8909d is an unknown value
RCX=0x000000000000000e is an unknown value
RDX=0x0000000000000565 is an unknown value
RSP=0x000000010bd6c270 is pointing into the stack for thread: 0x00007f925b005800
RBP=0x000000010bd6c270 is pointing into the stack for thread: 0x00007f925b005800
RSI=0x0000000122f89fd9 is an unknown value
RDI=0x00007f925b88f310 is an unknown value
R8 =0x00007f925b815000 is an unknown value
R9 =0x0000000000000002 is an unknown value
R10=0x000000006746d642 is an unknown value
R11=0x00007f9138905337 is an unknown value
R12=0x0000000000000000 is an unknown value
R13=0x0000000063616672 is an unknown value
R14=0x0000000000000000 is an unknown value
R15=0x00000000000014b3 is an unknown value


Stack: [0x000000010bc6f000,0x000000010bd6f000],  sp=0x000000010bd6c270,  free space=1012k
Native frames: (J=compiled Java code, j=interpreted, Vv=VM code, C=native code)
C  [libsystem_platform.dylib+0x1409]  _platform_memmove$VARIANT$Nehalem+0xc9
C  [libzip.dylib+0x3086]  newEntry+0x321
C  [libzip.dylib+0x3554]  ZIP_GetEntry2+0xd4
C  [libzip.dylib+0x234f]  Java_java_util_zip_ZipFile_getEntry+0xcf
j  java.util.zip.ZipFile.getEntry(J[BZ)J+0
j  java.util.zip.ZipFile.getEntry(Ljava/lang/String;)Ljava/util/zip/ZipEntry;+38
j  java.util.jar.JarFile.getEntry(Ljava/lang/String;)Ljava/util/zip/ZipEntry;+2
j  java.util.jar.JarFile.getJarEntry(Ljava/lang/String;)Ljava/util/jar/JarEntry;+2
j  sun.misc.URLClassPath$JarLoader.getResource(Ljava/lang/String;Z)Lsun/misc/Resource;+42
j  sun.misc.URLClassPath.getResource(Ljava/lang/String;Z)Lsun/misc/Resource;+62
j  java.net.URLClassLoader$1.run()Ljava/lang/Class;+26
j  java.net.URLClassLoader$1.run()Ljava/lang/Object;+1
v  ~StubRoutines::call_stub
V  [libjvm.dylib+0x2e01e2]
V  [libjvm.dylib+0x3386d0]
j  java.security.AccessController.doPrivileged(Ljava/security/PrivilegedExceptionAction;Ljava/security/AccessControlContext;)Ljava/lang/Object;+0
j  java.net.URLClassLoader.findClass(Ljava/lang/String;)Ljava/lang/Class;+13
j  java.lang.ClassLoader.loadClass(Ljava/lang/String;Z)Ljava/lang/Class;+70
j  sun.misc.Launcher$AppClassLoader.loadClass(Ljava/lang/String;Z)Ljava/lang/Class;+81
j  java.lang.ClassLoader.loadClass(Ljava/lang/String;)Ljava/lang/Class;+3
v  ~StubRoutines::call_stub
V  [libjvm.dylib+0x2e01e2]
V  [libjvm.dylib+0x2e0970]
V  [libjvm.dylib+0x2e0ac8]
V  [libjvm.dylib+0x51c120]
V  [libjvm.dylib+0x51b8b9]
V  [libjvm.dylib+0x51c33c]
V  [libjvm.dylib+0x51c9ab]
V  [libjvm.dylib+0x1db3da]
V  [libjvm.dylib+0x1eb18e]
V  [libjvm.dylib+0x2dbc7b]
j  bot_interface.GameState.getRock(I)Lbot_interface/Rock;+22
J 150 C1 bot_interface.GameState.read(Ljava/lang/String;)V (345 bytes) @ 0x000000010d6dd554 [0x000000010d6db6e0+0x1e74]
j  bot_interface.GameState.connect()V+208
j  impl.DestroyerBot.main([Ljava/lang/String;)V+16
v  ~StubRoutines::call_stub
V  [libjvm.dylib+0x2e01e2]
V  [libjvm.dylib+0x3168ee]
V  [libjvm.dylib+0x30f668]
C  [java+0x393e]  JavaMain+0x9b1
C  [libsystem_pthread.dylib+0x405a]  _pthread_body+0x83
C  [libsystem_pthread.dylib+0x3fd7]  _pthread_body+0x0
C  [libsystem_pthread.dylib+0x13ed]  thread_start+0xd
C  0x0000000000000000

Java frames: (J=compiled Java code, j=interpreted, Vv=VM code)
j  java.util.zip.ZipFile.getEntry(J[BZ)J+0
j  java.util.zip.ZipFile.getEntry(Ljava/lang/String;)Ljava/util/zip/ZipEntry;+38
j  java.util.jar.JarFile.getEntry(Ljava/lang/String;)Ljava/util/zip/ZipEntry;+2
j  java.util.jar.JarFile.getJarEntry(Ljava/lang/String;)Ljava/util/jar/JarEntry;+2
j  sun.misc.URLClassPath$JarLoader.getResource(Ljava/lang/String;Z)Lsun/misc/Resource;+42
j  sun.misc.URLClassPath.getResource(Ljava/lang/String;Z)Lsun/misc/Resource;+62
j  java.net.URLClassLoader$1.run()Ljava/lang/Class;+26
j  java.net.URLClassLoader$1.run()Ljava/lang/Object;+1
v  ~StubRoutines::call_stub
j  java.security.AccessController.doPrivileged(Ljava/security/PrivilegedExceptionAction;Ljava/security/AccessControlContext;)Ljava/lang/Object;+0
j  java.net.URLClassLoader.findClass(Ljava/lang/String;)Ljava/lang/Class;+13
j  java.lang.ClassLoader.loadClass(Ljava/lang/String;Z)Ljava/lang/Class;+70
j  sun.misc.Launcher$AppClassLoader.loadClass(Ljava/lang/String;Z)Ljava/lang/Class;+81
j  java.lang.ClassLoader.loadClass(Ljava/lang/String;)Ljava/lang/Class;+3
v  ~StubRoutines::call_stub
j  bot_interface.GameState.getRock(I)Lbot_interface/Rock;+22
J 150 C1 bot_interface.GameState.read(Ljava/lang/String;)V (345 bytes) @ 0x000000010d6dd554 [0x000000010d6db6e0+0x1e74]
j  bot_interface.GameState.connect()V+208
j  impl.DestroyerBot.main([Ljava/lang/String;)V+16
v  ~StubRoutines::call_stub

---------------  P R O C E S S  ---------------

Java Threads: ( => current thread )
  0x00007f925b009800 JavaThread "Service Thread" daemon [_thread_blocked, id=18179, stack(0x0000000122d4d000,0x0000000122e4d000)]
  0x00007f925b078000 JavaThread "C1 CompilerThread2" daemon [_thread_blocked, id=17667, stack(0x0000000122c4a000,0x0000000122d4a000)]
  0x00007f925b084000 JavaThread "C2 CompilerThread1" daemon [_thread_blocked, id=17155, stack(0x0000000122b47000,0x0000000122c47000)]
  0x00007f925b812000 JavaThread "C2 CompilerThread0" daemon [_thread_blocked, id=16643, stack(0x0000000122a44000,0x0000000122b44000)]
  0x00007f925c802800 JavaThread "Signal Dispatcher" daemon [_thread_blocked, id=13335, stack(0x0000000122941000,0x0000000122a41000)]
  0x00007f925b82e800 JavaThread "Finalizer" daemon [_thread_blocked, id=11523, stack(0x0000000120f1a000,0x000000012101a000)]
  0x00007f925b046000 JavaThread "Reference Handler" daemon [_thread_blocked, id=11011, stack(0x0000000120e17000,0x0000000120f17000)]
=>0x00007f925b005800 JavaThread "main" [_thread_in_native, id=3591, stack(0x000000010bc6f000,0x000000010bd6f000)]

Other Threads:
  0x00007f925b82b800 VMThread [stack: 0x0000000120d14000,0x0000000120e14000] [id=10499]
  0x00007f925b80d800 WatcherThread [stack: 0x0000000122e50000,0x0000000122f50000] [id=18691]

VM state:not at safepoint (normal execution)

VM Mutex/Monitor currently owned by a thread: None

Heap:
 PSYoungGen      total 18944K, used 2294K [0x00000007aab00000, 0x00000007ac000000, 0x00000007c0000000)
  eden space 16384K, 14% used [0x00000007aab00000,0x00000007aad3d878,0x00000007abb00000)
  from space 2560K, 0% used [0x00000007abd80000,0x00000007abd80000,0x00000007ac000000)
  to   space 2560K, 0% used [0x00000007abb00000,0x00000007abb00000,0x00000007abd80000)
 ParOldGen       total 44032K, used 0K [0x0000000780000000, 0x0000000782b00000, 0x00000007aab00000)
  object space 44032K, 0% used [0x0000000780000000,0x0000000780000000,0x0000000782b00000)
 Metaspace       used 3047K, capacity 4566K, committed 4864K, reserved 1056768K
  class space    used 319K, capacity 390K, committed 512K, reserved 1048576K

Card table byte_map: [0x000000011c929000,0x000000011cb2a000] byte_map_base: 0x0000000118d29000

Marking Bits: (ParMarkBitMap*) 0x000000010cec27a0
 Begin Bits: [0x000000011d08c000, 0x000000011e08c000)
 End Bits:   [0x000000011e08c000, 0x000000011f08c000)

Polling page: 0x000000010bdb4000

CodeCache: size=245760Kb used=1557Kb max_used=1557Kb free=244202Kb
 bounds [0x000000010d569000, 0x000000010d7d9000, 0x000000011c569000]
 total_blobs=421 nmethods=172 adapters=163
 compilation: enabled

Compilation events (10 events):
Event: 5.264 Thread 0x00007f925b078000 nmethod 165 0x000000010d6e7850 code [0x000000010d6e7b80, 0x000000010d6e9428]
Event: 5.264 Thread 0x00007f925b078000  166       3       java.util.ArrayList$SubList::<init> (46 bytes)
Event: 5.265 Thread 0x00007f925b078000 nmethod 166 0x000000010d6e9f90 code [0x000000010d6ea100, 0x000000010d6ea3d0]
Event: 5.428 Thread 0x00007f925b078000  169       3       impl.DestroyerBot::findNearObject (265 bytes)
Event: 5.431 Thread 0x00007f925b078000 nmethod 169 0x000000010d6ea8d0 code [0x000000010d6eabc0, 0x000000010d6ecf08]
Event: 5.431 Thread 0x00007f925b078000  170       3       bot_interface.Ship::getVelang (5 bytes)
Event: 5.432 Thread 0x00007f925b078000 nmethod 170 0x000000010d6edc50 code [0x000000010d6edda0, 0x000000010d6edef0]
Event: 5.432 Thread 0x00007f925b078000  171       3       java.lang.StringBuilder::append (8 bytes)
Event: 5.432 Thread 0x00007f925b078000 nmethod 171 0x000000010d6edf90 code [0x000000010d6ee120, 0x000000010d6ee498]
Event: 5.863 Thread 0x00007f925b078000  172       3       java.nio.charset.CharsetEncoder::maxBytesPerChar (5 bytes)

GC Heap History (0 events):
No events

Deoptimization events (0 events):
No events

Internal exceptions (10 events):
Event: 0.150 Thread 0x00007f925b005800 Exception <a 'java/security/PrivilegedActionException'> (0x00000007aac770b0) thrown at [/Users/java_re/workspace/8-2-build-macosx-x86_64/jdk8u51/3951/hotspot/src/share/vm/prims/jvm.cpp, line 1382]
Event: 0.151 Thread 0x00007f925b005800 Exception <a 'java/util/zip/ZipException'> (0x00000007aac77dd8) thrown at [/Users/java_re/workspace/8-2-build-macosx-x86_64/jdk8u51/3951/hotspot/src/share/vm/prims/jni.cpp, line 709]
Event: 0.151 Thread 0x00007f925b005800 Exception <a 'java/security/PrivilegedActionException'> (0x00000007aac77f88) thrown at [/Users/java_re/workspace/8-2-build-macosx-x86_64/jdk8u51/3951/hotspot/src/share/vm/prims/jvm.cpp, line 1382]
Event: 0.151 Thread 0x00007f925b005800 Exception <a 'java/security/PrivilegedActionException'> (0x00000007aac78140) thrown at [/Users/java_re/workspace/8-2-build-macosx-x86_64/jdk8u51/3951/hotspot/src/share/vm/prims/jvm.cpp, line 1382]
Event: 0.154 Thread 0x00007f925b005800 Exception <a 'java/util/zip/ZipException'> (0x00000007aac78e68) thrown at [/Users/java_re/workspace/8-2-build-macosx-x86_64/jdk8u51/3951/hotspot/src/share/vm/prims/jni.cpp, line 709]
Event: 0.154 Thread 0x00007f925b005800 Exception <a 'java/security/PrivilegedActionException'> (0x00000007aac79018) thrown at [/Users/java_re/workspace/8-2-build-macosx-x86_64/jdk8u51/3951/hotspot/src/share/vm/prims/jvm.cpp, line 1382]
Event: 0.155 Thread 0x00007f925b005800 Exception <a 'java/security/PrivilegedActionException'> (0x00000007aac791d0) thrown at [/Users/java_re/workspace/8-2-build-macosx-x86_64/jdk8u51/3951/hotspot/src/share/vm/prims/jvm.cpp, line 1382]
Event: 0.159 Thread 0x00007f925b005800 Exception <a 'java/util/zip/ZipException'> (0x00000007aac8ac90) thrown at [/Users/java_re/workspace/8-2-build-macosx-x86_64/jdk8u51/3951/hotspot/src/share/vm/prims/jni.cpp, line 709]
Event: 0.159 Thread 0x00007f925b005800 Exception <a 'java/security/PrivilegedActionException'> (0x00000007aac8ae40) thrown at [/Users/java_re/workspace/8-2-build-macosx-x86_64/jdk8u51/3951/hotspot/src/share/vm/prims/jvm.cpp, line 1382]
Event: 0.159 Thread 0x00007f925b005800 Exception <a 'java/security/PrivilegedActionException'> (0x00000007aac8aff8) thrown at [/Users/java_re/workspace/8-2-build-macosx-x86_64/jdk8u51/3951/hotspot/src/share/vm/prims/jvm.cpp, line 1382]

Events (10 events):
Event: 0.863 loading class sun/misc/FloatingDecimal$ASCIIToBinaryConverter done
Event: 0.863 loading class sun/misc/FloatingDecimal$PreparedASCIIToBinaryBuffer done
Event: 0.863 loading class sun/misc/FloatingDecimal$ASCIIToBinaryBuffer
Event: 0.864 loading class sun/misc/FloatingDecimal$ASCIIToBinaryBuffer done
Event: 0.864 loading class bot_interface/Laser
Event: 0.864 loading class bot_interface/Laser done
Event: 4.132 Executing VM operation: EnableBiasedLocking
Event: 4.132 Executing VM operation: EnableBiasedLocking done
Event: 5.863 loading class bot_interface/Rock
Event: 5.863 loading class bot_interface/Rock done


Dynamic libraries:
0x000000000af21000 	/System/Library/Frameworks/Cocoa.framework/Versions/A/Cocoa
0x000000000af21000 	/System/Library/Frameworks/Security.framework/Versions/A/Security
0x000000000af21000 	/System/Library/Frameworks/ApplicationServices.framework/Versions/A/ApplicationServices
0x000000000af21000 	/usr/lib/libz.1.dylib
0x000000000af21000 	/usr/lib/libSystem.B.dylib
0x000000000af21000 	/usr/lib/libobjc.A.dylib
0x000000000af21000 	/System/Library/Frameworks/CoreFoundation.framework/Versions/A/CoreFoundation
0x000000000af21000 	/System/Library/Frameworks/Foundation.framework/Versions/C/Foundation
0x000000000af21000 	/System/Library/Frameworks/AppKit.framework/Versions/C/AppKit
0x000000000af21000 	/System/Library/Frameworks/CoreData.framework/Versions/A/CoreData
0x000000000af21000 	/System/Library/PrivateFrameworks/RemoteViewServices.framework/Versions/A/RemoteViewServices
0x000000000af21000 	/System/Library/PrivateFrameworks/UIFoundation.framework/Versions/A/UIFoundation
0x000000000af21000 	/System/Library/Frameworks/IOSurface.framework/Versions/A/IOSurface
0x000000000af21000 	/System/Library/Frameworks/AudioToolbox.framework/Versions/A/AudioToolbox
0x000000000af21000 	/System/Library/Frameworks/AudioUnit.framework/Versions/A/AudioUnit
0x000000000af21000 	/System/Library/PrivateFrameworks/DataDetectorsCore.framework/Versions/A/DataDetectorsCore
0x000000000af21000 	/System/Library/PrivateFrameworks/DesktopServicesPriv.framework/Versions/A/DesktopServicesPriv
0x000000000af21000 	/System/Library/Frameworks/Carbon.framework/Versions/A/Frameworks/HIToolbox.framework/Versions/A/HIToolbox
0x000000000af21000 	/System/Library/Frameworks/QuartzCore.framework/Versions/A/QuartzCore
0x000000000af21000 	/System/Library/Frameworks/Carbon.framework/Versions/A/Frameworks/SpeechRecognition.framework/Versions/A/SpeechRecognition
0x000000000af21000 	/usr/lib/libauto.dylib
0x000000000af21000 	/usr/lib/libicucore.A.dylib
0x000000000af21000 	/usr/lib/libxml2.2.dylib
0x000000000af21000 	/System/Library/PrivateFrameworks/CoreUI.framework/Versions/A/CoreUI
0x000000000af21000 	/System/Library/Frameworks/CoreAudio.framework/Versions/A/CoreAudio
0x000000000af21000 	/System/Library/Frameworks/DiskArbitration.framework/Versions/A/DiskArbitration
0x000000000af21000 	/usr/lib/liblangid.dylib
0x000000000af21000 	/System/Library/PrivateFrameworks/MultitouchSupport.framework/Versions/A/MultitouchSupport
0x000000000af21000 	/System/Library/Frameworks/IOKit.framework/Versions/A/IOKit
0x000000000af21000 	/usr/lib/libDiagnosticMessagesClient.dylib
0x000000000af21000 	/System/Library/Frameworks/CoreServices.framework/Versions/A/CoreServices
0x000000000af21000 	/System/Library/PrivateFrameworks/PerformanceAnalysis.framework/Versions/A/PerformanceAnalysis
0x000000000af21000 	/System/Library/PrivateFrameworks/GenerationalStorage.framework/Versions/A/GenerationalStorage
0x000000000af21000 	/System/Library/Frameworks/OpenGL.framework/Versions/A/OpenGL
0x000000000af21000 	/System/Library/PrivateFrameworks/Sharing.framework/Versions/A/Sharing
0x000000000af21000 	/System/Library/Frameworks/CoreGraphics.framework/Versions/A/CoreGraphics
0x000000000af21000 	/System/Library/Frameworks/CoreText.framework/Versions/A/CoreText
0x000000000af21000 	/System/Library/Frameworks/ImageIO.framework/Versions/A/ImageIO
0x000000000af21000 	/usr/lib/libextension.dylib
0x000000000af21000 	/System/Library/PrivateFrameworks/Backup.framework/Versions/A/Backup
0x000000000af21000 	/usr/lib/libarchive.2.dylib
0x000000000af21000 	/System/Library/Frameworks/CFNetwork.framework/Versions/A/CFNetwork
0x000000000af21000 	/System/Library/Frameworks/SystemConfiguration.framework/Versions/A/SystemConfiguration
0x000000000af21000 	/usr/lib/libCRFSuite.dylib
0x000000000af21000 	/usr/lib/libc++.1.dylib
0x000000000af21000 	/usr/lib/libc++abi.dylib
0x000000000af21000 	/usr/lib/system/libcache.dylib
0x000000000af21000 	/usr/lib/system/libcommonCrypto.dylib
0x000000000af21000 	/usr/lib/system/libcompiler_rt.dylib
0x000000000af21000 	/usr/lib/system/libcopyfile.dylib
0x000000000af21000 	/usr/lib/system/libcorecrypto.dylib
0x000000000af21000 	/usr/lib/system/libdispatch.dylib
0x000000000af21000 	/usr/lib/system/libdyld.dylib
0x000000000af21000 	/usr/lib/system/libkeymgr.dylib
0x000000000af21000 	/usr/lib/system/liblaunch.dylib
0x000000000af21000 	/usr/lib/system/libmacho.dylib
0x000000000af21000 	/usr/lib/system/libquarantine.dylib
0x000000000af21000 	/usr/lib/system/libremovefile.dylib
0x000000000af21000 	/usr/lib/system/libsystem_asl.dylib
0x000000000af21000 	/usr/lib/system/libsystem_blocks.dylib
0x000000000af21000 	/usr/lib/system/libsystem_c.dylib
0x000000000af21000 	/usr/lib/system/libsystem_configuration.dylib
0x000000000af21000 	/usr/lib/system/libsystem_coreservices.dylib
0x000000000af21000 	/usr/lib/system/libsystem_coretls.dylib
0x000000000af21000 	/usr/lib/system/libsystem_dnssd.dylib
0x000000000af21000 	/usr/lib/system/libsystem_info.dylib
0x000000000af21000 	/usr/lib/system/libsystem_kernel.dylib
0x000000000af21000 	/usr/lib/system/libsystem_m.dylib
0x000000000af21000 	/usr/lib/system/libsystem_malloc.dylib
0x000000000af21000 	/usr/lib/system/libsystem_network.dylib
0x000000000af21000 	/usr/lib/system/libsystem_networkextension.dylib
0x000000000af21000 	/usr/lib/system/libsystem_notify.dylib
0x000000000af21000 	/usr/lib/system/libsystem_platform.dylib
0x000000000af21000 	/usr/lib/system/libsystem_pthread.dylib
0x000000000af21000 	/usr/lib/system/libsystem_sandbox.dylib
0x000000000af21000 	/usr/lib/system/libsystem_secinit.dylib
0x000000000af21000 	/usr/lib/system/libsystem_stats.dylib
0x000000000af21000 	/usr/lib/system/libsystem_trace.dylib
0x000000000af21000 	/usr/lib/system/libunc.dylib
0x000000000af21000 	/usr/lib/system/libunwind.dylib
0x000000000af21000 	/usr/lib/system/libxpc.dylib
0x000000000af21000 	/usr/lib/libbz2.1.0.dylib
0x000000000af21000 	/usr/lib/liblzma.5.dylib
0x000000000af21000 	/usr/lib/libbsm.0.dylib
0x000000000af21000 	/usr/lib/libsqlite3.dylib
0x000000000af21000 	/usr/lib/system/libkxld.dylib
0x000000000af21000 	/usr/lib/libxar.1.dylib
0x000000000af21000 	/usr/lib/libpam.2.dylib
0x000000000af21000 	/usr/lib/libOpenScriptingUtil.dylib
0x000000000af21000 	/System/Library/Frameworks/CoreServices.framework/Versions/A/Frameworks/FSEvents.framework/Versions/A/FSEvents
0x000000000af21000 	/System/Library/Frameworks/CoreServices.framework/Versions/A/Frameworks/CarbonCore.framework/Versions/A/CarbonCore
0x000000000af21000 	/System/Library/Frameworks/CoreServices.framework/Versions/A/Frameworks/Metadata.framework/Versions/A/Metadata
0x000000000af21000 	/System/Library/Frameworks/CoreServices.framework/Versions/A/Frameworks/OSServices.framework/Versions/A/OSServices
0x000000000af21000 	/System/Library/Frameworks/CoreServices.framework/Versions/A/Frameworks/SearchKit.framework/Versions/A/SearchKit
0x000000000af21000 	/System/Library/Frameworks/CoreServices.framework/Versions/A/Frameworks/AE.framework/Versions/A/AE
0x000000000af21000 	/System/Library/Frameworks/CoreServices.framework/Versions/A/Frameworks/LaunchServices.framework/Versions/A/LaunchServices
0x000000000af21000 	/System/Library/Frameworks/CoreServices.framework/Versions/A/Frameworks/DictionaryServices.framework/Versions/A/DictionaryServices
0x000000000af21000 	/System/Library/Frameworks/NetFS.framework/Versions/A/NetFS
0x000000000af21000 	/System/Library/PrivateFrameworks/NetAuth.framework/Versions/A/NetAuth
0x000000000af21000 	/System/Library/PrivateFrameworks/login.framework/Versions/A/Frameworks/loginsupport.framework/Versions/A/loginsupport
0x000000000af21000 	/System/Library/PrivateFrameworks/TCC.framework/Versions/A/TCC
0x000000000af21000 	/usr/lib/libmecabra.dylib
0x000000000af21000 	/System/Library/Frameworks/ApplicationServices.framework/Versions/A/Frameworks/ATS.framework/Versions/A/ATS
0x000000000af21000 	/System/Library/Frameworks/ApplicationServices.framework/Versions/A/Frameworks/ColorSync.framework/Versions/A/ColorSync
0x000000000af21000 	/System/Library/Frameworks/ApplicationServices.framework/Versions/A/Frameworks/HIServices.framework/Versions/A/HIServices
0x000000000af21000 	/System/Library/Frameworks/ApplicationServices.framework/Versions/A/Frameworks/LangAnalysis.framework/Versions/A/LangAnalysis
0x000000000af21000 	/System/Library/Frameworks/ApplicationServices.framework/Versions/A/Frameworks/PrintCore.framework/Versions/A/PrintCore
0x000000000af21000 	/System/Library/Frameworks/ApplicationServices.framework/Versions/A/Frameworks/QD.framework/Versions/A/QD
0x000000000af21000 	/System/Library/Frameworks/ApplicationServices.framework/Versions/A/Frameworks/SpeechSynthesis.framework/Versions/A/SpeechSynthesis
0x000000000af21000 	/System/Library/Frameworks/Accelerate.framework/Versions/A/Accelerate
0x000000000af21000 	/System/Library/Frameworks/Accelerate.framework/Versions/A/Frameworks/vImage.framework/Versions/A/vImage
0x000000000af21000 	/System/Library/Frameworks/Accelerate.framework/Versions/A/Frameworks/vecLib.framework/Versions/A/vecLib
0x000000000af21000 	/System/Library/Frameworks/Accelerate.framework/Versions/A/Frameworks/vecLib.framework/Versions/A/libvDSP.dylib
0x000000000af21000 	/System/Library/Frameworks/Accelerate.framework/Versions/A/Frameworks/vecLib.framework/Versions/A/libvMisc.dylib
0x000000000af21000 	/System/Library/Frameworks/Accelerate.framework/Versions/A/Frameworks/vecLib.framework/Versions/A/libLAPACK.dylib
0x000000000af21000 	/System/Library/Frameworks/Accelerate.framework/Versions/A/Frameworks/vecLib.framework/Versions/A/libBLAS.dylib
0x000000000af21000 	/System/Library/Frameworks/Accelerate.framework/Versions/A/Frameworks/vecLib.framework/Versions/A/libLinearAlgebra.dylib
0x000000000af21000 	/System/Library/Frameworks/ApplicationServices.framework/Versions/A/Frameworks/ATS.framework/Versions/A/Resources/libFontParser.dylib
0x000000000af21000 	/System/Library/Frameworks/ApplicationServices.framework/Versions/A/Frameworks/ATS.framework/Versions/A/Resources/libFontRegistry.dylib
0x000000000af21000 	/System/Library/PrivateFrameworks/AppleVPA.framework/Versions/A/AppleVPA
0x000000000af21000 	/System/Library/PrivateFrameworks/AppleJPEG.framework/Versions/A/AppleJPEG
0x000000000af21000 	/System/Library/Frameworks/ImageIO.framework/Versions/A/Resources/libJPEG.dylib
0x000000000af21000 	/System/Library/Frameworks/ImageIO.framework/Versions/A/Resources/libTIFF.dylib
0x000000000af21000 	/System/Library/Frameworks/ImageIO.framework/Versions/A/Resources/libPng.dylib
0x000000000af21000 	/System/Library/Frameworks/ImageIO.framework/Versions/A/Resources/libGIF.dylib
0x000000000af21000 	/System/Library/Frameworks/ImageIO.framework/Versions/A/Resources/libJP2.dylib
0x000000000af21000 	/System/Library/Frameworks/ImageIO.framework/Versions/A/Resources/libRadiance.dylib
0x000000000af21000 	/System/Library/Frameworks/CoreVideo.framework/Versions/A/CoreVideo
0x000000000af21000 	/System/Library/Frameworks/OpenGL.framework/Versions/A/Libraries/libGLU.dylib
0x000000000af21000 	/System/Library/Frameworks/OpenGL.framework/Versions/A/Libraries/libGFXShared.dylib
0x000000000af21000 	/System/Library/Frameworks/OpenGL.framework/Versions/A/Libraries/libGL.dylib
0x000000000af21000 	/System/Library/Frameworks/OpenGL.framework/Versions/A/Libraries/libGLImage.dylib
0x000000000af21000 	/System/Library/Frameworks/OpenGL.framework/Versions/A/Libraries/libCVMSPluginSupport.dylib
0x000000000af21000 	/System/Library/Frameworks/OpenGL.framework/Versions/A/Libraries/libCoreVMClient.dylib
0x000000000af21000 	/usr/lib/libcups.2.dylib
0x000000000af21000 	/System/Library/Frameworks/Kerberos.framework/Versions/A/Kerberos
0x000000000af21000 	/System/Library/Frameworks/GSS.framework/Versions/A/GSS
0x000000000af21000 	/usr/lib/libresolv.9.dylib
0x000000000af21000 	/usr/lib/libiconv.2.dylib
0x000000000af21000 	/System/Library/PrivateFrameworks/Heimdal.framework/Versions/A/Heimdal
0x000000000af21000 	/usr/lib/libheimdal-asn1.dylib
0x000000000af21000 	/System/Library/Frameworks/OpenDirectory.framework/Versions/A/OpenDirectory
0x000000000af21000 	/System/Library/PrivateFrameworks/CommonAuth.framework/Versions/A/CommonAuth
0x000000000af21000 	/System/Library/Frameworks/OpenDirectory.framework/Versions/A/Frameworks/CFOpenDirectory.framework/Versions/A/CFOpenDirectory
0x000000000af21000 	/System/Library/Frameworks/SecurityFoundation.framework/Versions/A/SecurityFoundation
0x000000000af21000 	/System/Library/PrivateFrameworks/LanguageModeling.framework/Versions/A/LanguageModeling
0x000000000af21000 	/usr/lib/libcmph.dylib
0x000000000af21000 	/System/Library/Frameworks/ServiceManagement.framework/Versions/A/ServiceManagement
0x000000000af21000 	/usr/lib/libxslt.1.dylib
0x000000000af21000 	/System/Library/Frameworks/Carbon.framework/Versions/A/Frameworks/Ink.framework/Versions/A/Ink
0x000000000af21000 	/System/Library/Frameworks/QuartzCore.framework/Versions/A/Frameworks/CoreImage.framework/Versions/A/CoreImage
0x000000000af21000 	/System/Library/PrivateFrameworks/CrashReporterSupport.framework/Versions/A/CrashReporterSupport
0x000000000af21000 	/System/Library/Frameworks/OpenCL.framework/Versions/A/OpenCL
0x000000000af21000 	/System/Library/PrivateFrameworks/FaceCore.framework/Versions/A/FaceCore
0x000000000af21000 	/System/Library/PrivateFrameworks/Ubiquity.framework/Versions/A/Ubiquity
0x000000000af21000 	/System/Library/PrivateFrameworks/IconServices.framework/Versions/A/IconServices
0x000000000af21000 	/System/Library/PrivateFrameworks/ChunkingLibrary.framework/Versions/A/ChunkingLibrary
0x000000000af21000 	/System/Library/PrivateFrameworks/Apple80211.framework/Versions/A/Apple80211
0x000000000af21000 	/System/Library/Frameworks/CoreWLAN.framework/Versions/A/CoreWLAN
0x000000000af21000 	/System/Library/Frameworks/IOBluetooth.framework/Versions/A/IOBluetooth
0x000000000af21000 	/System/Library/PrivateFrameworks/CoreWiFi.framework/Versions/A/CoreWiFi
0x000000000af21000 	/System/Library/Frameworks/CoreBluetooth.framework/Versions/A/CoreBluetooth
0x000000000af21000 	/System/Library/PrivateFrameworks/DebugSymbols.framework/Versions/A/DebugSymbols
0x000000000af21000 	/System/Library/PrivateFrameworks/CoreSymbolication.framework/Versions/A/CoreSymbolication
0x000000000af21000 	/System/Library/PrivateFrameworks/Symbolication.framework/Versions/A/Symbolication
0x000000000af21000 	/System/Library/PrivateFrameworks/SpeechRecognitionCore.framework/Versions/A/SpeechRecognitionCore
0x000000010c600000 	/Library/Java/JavaVirtualMachines/jdk1.8.0_51.jdk/Contents/Home/jre/lib/server/libjvm.dylib
0x000000000af21000 	/usr/lib/libstdc++.6.dylib
0x000000010bd71000 	/Library/Java/JavaVirtualMachines/jdk1.8.0_51.jdk/Contents/Home/jre/lib/libverify.dylib
0x000000010bd7f000 	/Library/Java/JavaVirtualMachines/jdk1.8.0_51.jdk/Contents/Home/jre/lib/libjava.dylib
0x000000010bdbe000 	/Library/Java/JavaVirtualMachines/jdk1.8.0_51.jdk/Contents/Home/jre/lib/libzip.dylib
0x000000012101c000 	/System/Library/Frameworks/JavaVM.framework/Frameworks/JavaRuntimeSupport.framework/JavaRuntimeSupport
0x0000000121034000 	/System/Library/Frameworks/JavaVM.framework/Versions/A/Frameworks/JavaNativeFoundation.framework/Versions/A/JavaNativeFoundation
0x0000000121049000 	/System/Library/Frameworks/JavaVM.framework/Versions/A/JavaVM
0x000000000af21000 	/System/Library/Frameworks/Carbon.framework/Versions/A/Carbon
0x0000000121056000 	/System/Library/PrivateFrameworks/JavaLaunching.framework/Versions/A/JavaLaunching
0x000000000af21000 	/System/Library/Frameworks/Carbon.framework/Versions/A/Frameworks/CommonPanels.framework/Versions/A/CommonPanels
0x000000000af21000 	/System/Library/Frameworks/Carbon.framework/Versions/A/Frameworks/Help.framework/Versions/A/Help
0x000000000af21000 	/System/Library/Frameworks/Carbon.framework/Versions/A/Frameworks/ImageCapture.framework/Versions/A/ImageCapture
0x000000000af21000 	/System/Library/Frameworks/Carbon.framework/Versions/A/Frameworks/OpenScripting.framework/Versions/A/OpenScripting
0x000000000af21000 	/System/Library/Frameworks/Carbon.framework/Versions/A/Frameworks/Print.framework/Versions/A/Print
0x000000000af21000 	/System/Library/Frameworks/Carbon.framework/Versions/A/Frameworks/SecurityHI.framework/Versions/A/SecurityHI

VM Arguments:
java_command: ./Bots/java/DestroyerBot.jar
java_class_path (initial): ./Bots/java/DestroyerBot.jar
Launcher Type: SUN_STANDARD

Environment Variables:
PATH=/usr/bin:/bin:/usr/sbin:/sbin
SHELL=/bin/bash
DISPLAY=/private/tmp/com.apple.launchd.fegUqi4UY8/org.macosforge.xquartz:0

Signal Handlers:
SIGSEGV: [libjvm.dylib+0x58ef35], sa_mask[0]=11111111011111110111111111111111, sa_flags=SA_ONSTACK|SA_RESTART|SA_SIGINFO
SIGBUS: [libjvm.dylib+0x58ef35], sa_mask[0]=11111111011111110111111111111111, sa_flags=SA_RESTART|SA_SIGINFO
SIGFPE: [libjvm.dylib+0x46c028], sa_mask[0]=11111111011111110111111111111111, sa_flags=SA_RESTART|SA_SIGINFO
SIGPIPE: [libjvm.dylib+0x46c028], sa_mask[0]=11111111011111110111111111111111, sa_flags=SA_RESTART|SA_SIGINFO
SIGXFSZ: [libjvm.dylib+0x46c028], sa_mask[0]=11111111011111110111111111111111, sa_flags=SA_RESTART|SA_SIGINFO
SIGILL: [libjvm.dylib+0x46c028], sa_mask[0]=11111111011111110111111111111111, sa_flags=SA_RESTART|SA_SIGINFO
SIGUSR1: SIG_DFL, sa_mask[0]=00000000000000000000000000000000, sa_flags=SA_SIGINFO
SIGUSR2: [libjvm.dylib+0x46bb46], sa_mask[0]=00000000000000000000000000000000, sa_flags=SA_RESTART|SA_SIGINFO
SIGHUP: [libjvm.dylib+0x46a119], sa_mask[0]=11111111011111110111111111111111, sa_flags=SA_RESTART|SA_SIGINFO
SIGINT: [libjvm.dylib+0x46a119], sa_mask[0]=11111111011111110111111111111111, sa_flags=SA_RESTART|SA_SIGINFO
SIGTERM: [libjvm.dylib+0x46a119], sa_mask[0]=11111111011111110111111111111111, sa_flags=SA_RESTART|SA_SIGINFO
SIGQUIT: [libjvm.dylib+0x46a119], sa_mask[0]=11111111011111110111111111111111, sa_flags=SA_RESTART|SA_SIGINFO


---------------  S Y S T E M  ---------------

OS:Bsduname:Darwin 14.5.0 Darwin Kernel Version 14.5.0: Tue Sep  1 21:23:09 PDT 2015; root:xnu-2782.50.1~1/RELEASE_X86_64 x86_64
rlimit: STACK 8192k, CORE 0k, NPROC 709, NOFILE 10240, AS infinity
load average:1.79 2.00 1.94

CPU:total 4 (2 cores per cpu, 2 threads per core) family 6 model 42 stepping 7, cmov, cx8, fxsr, mmx, sse, sse2, sse3, ssse3, sse4.1, sse4.2, popcnt, avx, aes, clmul, ht, tsc, tscinvbit

Memory: 4k page, physical 4194304k(107300k free)

/proc/meminfo:


vm_info: Java HotSpot(TM) 64-Bit Server VM (25.51-b03) for bsd-amd64 JRE (1.8.0_51-b16), built on Jun  8 2015 18:01:11 by "java_re" with gcc 4.2.1 (Based on Apple Inc. build 5658) (LLVM build 2336.11.00)

time: Thu Apr 21 16:14:14 2016
elapsed time: 5 seconds (0d 0h 0m 5s)

